WARNING 2024-03-18 17:54:24,098 log 23420 26424 Not Found: /article/article-detail/9999/
WARNING 2024-03-17 18:15:31,834 log 7272 10828 Not Found: /article/
ERROR 2024-03-17 18:33:16,035 log 21432 8140 Internal Server Error: /article/article-detail/21/
Traceback (most recent call last):
  File "E:\YE\0-UN\python\DjangoProject\my_blog\venv\Lib\site-packages\django\template\backends\django.py", line 61, in render
    return self.template.render(context)
           ^^^^^^^^^^^^^^^^^^^^^^^^^^^^^
  File "E:\YE\0-UN\python\DjangoProject\my_blog\venv\Lib\site-packages\django\template\base.py", line 171, in render
    return self._render(context)
           ^^^^^^^^^^^^^^^^^^^^^
  File "E:\YE\0-UN\python\DjangoProject\my_blog\venv\Lib\site-packages\django\template\base.py", line 163, in _render
    return self.nodelist.render(context)
           ^^^^^^^^^^^^^^^^^^^^^^^^^^^^^
  File "E:\YE\0-UN\python\DjangoProject\my_blog\venv\Lib\site-packages\django\template\base.py", line 1000, in render
    return SafeString("".join([node.render_annotated(context) for node in self]))
                              ^^^^^^^^^^^^^^^^^^^^^^^^^^^^^^^^^^^^^^^^^^^^^^^^^
  File "E:\YE\0-UN\python\DjangoProject\my_blog\venv\Lib\site-packages\django\template\base.py", line 1000, in <listcomp>
    return SafeString("".join([node.render_annotated(context) for node in self]))
                               ^^^^^^^^^^^^^^^^^^^^^^^^^^^^^^
  File "E:\YE\0-UN\python\DjangoProject\my_blog\venv\Lib\site-packages\django\template\base.py", line 961, in render_annotated
    return self.render(context)
           ^^^^^^^^^^^^^^^^^^^^
  File "E:\YE\0-UN\python\DjangoProject\my_blog\venv\Lib\site-packages\django\template\loader_tags.py", line 159, in render
    return compiled_parent._render(context)
           ^^^^^^^^^^^^^^^^^^^^^^^^^^^^^^^^
  File "E:\YE\0-UN\python\DjangoProject\my_blog\venv\Lib\site-packages\django\template\base.py", line 163, in _render
    return self.nodelist.render(context)
           ^^^^^^^^^^^^^^^^^^^^^^^^^^^^^
  File "E:\YE\0-UN\python\DjangoProject\my_blog\venv\Lib\site-packages\django\template\base.py", line 1000, in render
    return SafeString("".join([node.render_annotated(context) for node in self]))
                              ^^^^^^^^^^^^^^^^^^^^^^^^^^^^^^^^^^^^^^^^^^^^^^^^^
  File "E:\YE\0-UN\python\DjangoProject\my_blog\venv\Lib\site-packages\django\template\base.py", line 1000, in <listcomp>
    return SafeString("".join([node.render_annotated(context) for node in self]))
                               ^^^^^^^^^^^^^^^^^^^^^^^^^^^^^^
  File "E:\YE\0-UN\python\DjangoProject\my_blog\venv\Lib\site-packages\django\template\base.py", line 961, in render_annotated
    return self.render(context)
           ^^^^^^^^^^^^^^^^^^^^
  File "E:\YE\0-UN\python\DjangoProject\my_blog\venv\Lib\site-packages\django\template\loader_tags.py", line 65, in render
    result = block.nodelist.render(context)
             ^^^^^^^^^^^^^^^^^^^^^^^^^^^^^^
  File "E:\YE\0-UN\python\DjangoProject\my_blog\venv\Lib\site-packages\django\template\base.py", line 1000, in render
    return SafeString("".join([node.render_annotated(context) for node in self]))
                              ^^^^^^^^^^^^^^^^^^^^^^^^^^^^^^^^^^^^^^^^^^^^^^^^^
  File "E:\YE\0-UN\python\DjangoProject\my_blog\venv\Lib\site-packages\django\template\base.py", line 1000, in <listcomp>
    return SafeString("".join([node.render_annotated(context) for node in self]))
                               ^^^^^^^^^^^^^^^^^^^^^^^^^^^^^^
  File "E:\YE\0-UN\python\DjangoProject\my_blog\venv\Lib\site-packages\django\template\base.py", line 961, in render_annotated
    return self.render(context)
           ^^^^^^^^^^^^^^^^^^^^
  File "E:\YE\0-UN\python\DjangoProject\my_blog\venv\Lib\site-packages\mptt\templatetags\mptt_tags.py", line 312, in render
    bits = [self._render_node(context, node) for node in roots]
           ^^^^^^^^^^^^^^^^^^^^^^^^^^^^^^^^^^^^^^^^^^^^^^^^^^^^
  File "E:\YE\0-UN\python\DjangoProject\my_blog\venv\Lib\site-packages\mptt\templatetags\mptt_tags.py", line 312, in <listcomp>
    bits = [self._render_node(context, node) for node in roots]
            ^^^^^^^^^^^^^^^^^^^^^^^^^^^^^^^^
  File "E:\YE\0-UN\python\DjangoProject\my_blog\venv\Lib\site-packages\mptt\templatetags\mptt_tags.py", line 305, in _render_node
    rendered = self.template_nodes.render(context)
               ^^^^^^^^^^^^^^^^^^^^^^^^^^^^^^^^^^^
  File "E:\YE\0-UN\python\DjangoProject\my_blog\venv\Lib\site-packages\django\template\base.py", line 1000, in render
    return SafeString("".join([node.render_annotated(context) for node in self]))
                              ^^^^^^^^^^^^^^^^^^^^^^^^^^^^^^^^^^^^^^^^^^^^^^^^^
  File "E:\YE\0-UN\python\DjangoProject\my_blog\venv\Lib\site-packages\django\template\base.py", line 1000, in <listcomp>
    return SafeString("".join([node.render_annotated(context) for node in self]))
                               ^^^^^^^^^^^^^^^^^^^^^^^^^^^^^^
  File "E:\YE\0-UN\python\DjangoProject\my_blog\venv\Lib\site-packages\django\template\base.py", line 961, in render_annotated
    return self.render(context)
           ^^^^^^^^^^^^^^^^^^^^
  File "E:\YE\0-UN\python\DjangoProject\my_blog\venv\Lib\site-packages\django\template\defaulttags.py", line 548, in render
    return self.nodelist.render(context)
           ^^^^^^^^^^^^^^^^^^^^^^^^^^^^^
  File "E:\YE\0-UN\python\DjangoProject\my_blog\venv\Lib\site-packages\django\template\base.py", line 1000, in render
    return SafeString("".join([node.render_annotated(context) for node in self]))
                              ^^^^^^^^^^^^^^^^^^^^^^^^^^^^^^^^^^^^^^^^^^^^^^^^^
  File "E:\YE\0-UN\python\DjangoProject\my_blog\venv\Lib\site-packages\django\template\base.py", line 1000, in <listcomp>
    return SafeString("".join([node.render_annotated(context) for node in self]))
                               ^^^^^^^^^^^^^^^^^^^^^^^^^^^^^^
  File "E:\YE\0-UN\python\DjangoProject\my_blog\venv\Lib\site-packages\django\template\base.py", line 961, in render_annotated
    return self.render(context)
           ^^^^^^^^^^^^^^^^^^^^
  File "E:\YE\0-UN\python\DjangoProject\my_blog\venv\Lib\site-packages\django\template\library.py", line 269, in render
    t = context.template.engine.get_template(self.filename)
        ^^^^^^^^^^^^^^^^^^^^^^^^^^^^^^^^^^^^^^^^^^^^^^^^^^^
  File "E:\YE\0-UN\python\DjangoProject\my_blog\venv\Lib\site-packages\django\template\engine.py", line 175, in get_template
    template, origin = self.find_template(template_name)
                       ^^^^^^^^^^^^^^^^^^^^^^^^^^^^^^^^^
  File "E:\YE\0-UN\python\DjangoProject\my_blog\venv\Lib\site-packages\django\template\engine.py", line 161, in find_template
    raise TemplateDoesNotExist(name, tried=tried)
django.template.exceptions.TemplateDoesNotExist: article/tag_list.html

The above exception was the direct cause of the following exception:

Traceback (most recent call last):
  File "E:\YE\0-UN\python\DjangoProject\my_blog\venv\Lib\site-packages\django\core\handlers\exception.py", line 55, in inner
    response = get_response(request)
               ^^^^^^^^^^^^^^^^^^^^^
  File "E:\YE\0-UN\python\DjangoProject\my_blog\venv\Lib\site-packages\django\core\handlers\base.py", line 197, in _get_response
    response = wrapped_callback(request, *callback_args, **callback_kwargs)
               ^^^^^^^^^^^^^^^^^^^^^^^^^^^^^^^^^^^^^^^^^^^^^^^^^^^^^^^^^^^^
  File "E:\YE\0-UN\python\DjangoProject\my_blog\article\views.py", line 108, in article_detail
    return render(request, 'article/detail.html', context)
           ^^^^^^^^^^^^^^^^^^^^^^^^^^^^^^^^^^^^^^^^^^^^^^^
  File "E:\YE\0-UN\python\DjangoProject\my_blog\venv\Lib\site-packages\django\shortcuts.py", line 24, in render
    content = loader.render_to_string(template_name, context, request, using=using)
              ^^^^^^^^^^^^^^^^^^^^^^^^^^^^^^^^^^^^^^^^^^^^^^^^^^^^^^^^^^^^^^^^^^^^^
  File "E:\YE\0-UN\python\DjangoProject\my_blog\venv\Lib\site-packages\django\template\loader.py", line 62, in render_to_string
    return template.render(context, request)
           ^^^^^^^^^^^^^^^^^^^^^^^^^^^^^^^^^
  File "E:\YE\0-UN\python\DjangoProject\my_blog\venv\Lib\site-packages\django\template\backends\django.py", line 63, in render
    reraise(exc, self.backend)
  File "E:\YE\0-UN\python\DjangoProject\my_blog\venv\Lib\site-packages\django\template\backends\django.py", line 84, in reraise
    raise new from exc
django.template.exceptions.TemplateDoesNotExist: article/tag_list.html
